


ARM Macro Assembler    Page 1 


    1 00000000         ; ce programme est pour l'assembleur RealView (Keil)
    2 00000000                 thumb
    3 00000000                 area             moncode, code, readonly
    4 00000000                 export           Carre
    5 00000000         ;
    6 00000000         
    7 00000000 F04F 0200 
                       tempo   MOV              R2,#0
    8 00000004 4282    LOOP    CMP              R2,R0
    9 00000006 D004            BEQ              FIN
   10 00000008 4409            ADD              R1,R1
   11 0000000A 4409            ADD              R1,R1
   12 0000000C F102 0201       ADD              R2,#1       ;
   13 00000010 E7F8            B                LOOP
   14 00000012 4770    FIN     bx               lr
   15 00000014         ;
   16 00000014         
   17 00000014         Carre   proc
   18 00000014         
   19 00000014 40010C10 
                       GPIOB_BSRR
                               equ              0x40010C10  ; Bit Set/Reset reg
                                                            ister
   20 00000014         
   21 00000014         ; boucle infinie 
   22 00000014         ; mise a 1 de PB1
   23 00000014 4B07    BOUCLE  ldr              r3, =GPIOB_BSRR
   24 00000016 2102            movs             r1, #0x00000002
   25 00000018 6019            str              r1, [r3]
   26 0000001A         
   27 0000001A         ; Appel TEMPO
   28 0000001A F04F 0064       MOV              R0, #100
   29 0000001E F7FF FFEF       BL               tempo
   30 00000022         
   31 00000022         ; mise a zero de PB1
   32 00000022 4B04            ldr              r3, =GPIOB_BSRR
   33 00000024 F45F 3100       movs             r1, #0x00020000
   34 00000028 6019            str              r1, [r3]
   35 0000002A         
   36 0000002A         ; Appel TEMPO
   37 0000002A F04F 0064       MOV              R0, #100
   38 0000002E F7FF FFE7       BL               tempo
   39 00000032         ;Retour
   40 00000032 E7EF            B                BOUCLE
   41 00000034         ; Fin boucle
   42 00000034         
   43 00000034                 endp
   44 00000034         ;
   45 00000034                 end
              40010C10 
Command Line: --debug --xref --cpu=Cortex-M3 --apcs=interwork --depend=Carre.d 
-oCarre.o -IC:\Keil\ARM\RV31\INC -IC:\Keil\ARM\CMSIS\Include -IC:\Keil\ARM\Inc\
ST\STM32F10x --predefine="__EVAL SETA 1" --predefine="__MICROLIB SETA 1" --list
=.\Carre.lst Sources\Carre.s



ARM Macro Assembler    Page 1 Alphabetic symbol ordering
Relocatable symbols

BOUCLE 00000014

Symbol: BOUCLE
   Definitions
      At line 23 in file Sources\Carre.s
   Uses
      At line 40 in file Sources\Carre.s
Comment: BOUCLE used once
Carre 00000014

Symbol: Carre
   Definitions
      At line 17 in file Sources\Carre.s
   Uses
      At line 4 in file Sources\Carre.s
Comment: Carre used once
FIN 00000012

Symbol: FIN
   Definitions
      At line 14 in file Sources\Carre.s
   Uses
      At line 9 in file Sources\Carre.s
Comment: FIN used once
LOOP 00000004

Symbol: LOOP
   Definitions
      At line 8 in file Sources\Carre.s
   Uses
      At line 13 in file Sources\Carre.s
Comment: LOOP used once
moncode 00000000

Symbol: moncode
   Definitions
      At line 3 in file Sources\Carre.s
   Uses
      None
Comment: moncode unused
tempo 00000000

Symbol: tempo
   Definitions
      At line 7 in file Sources\Carre.s
   Uses
      At line 29 in file Sources\Carre.s
      At line 38 in file Sources\Carre.s

6 symbols



ARM Macro Assembler    Page 1 Alphabetic symbol ordering
Absolute symbols

GPIOB_BSRR 40010C10

Symbol: GPIOB_BSRR
   Definitions
      At line 19 in file Sources\Carre.s
   Uses
      At line 23 in file Sources\Carre.s
      At line 32 in file Sources\Carre.s

1 symbol
341 symbols in table
