


ARM Macro Assembler    Page 1 


    1 00000000         ; ce programme est pour l'assembleur RealView (Keil)
    2 00000000                 thumb
    3 00000000         
    4 00000000                 area             mesdata, data, readwrite
    5 00000000 00      Var     space            1
    6 00000001         
    7 00000001         
    8 00000001                 area             moncode, code, readonly
    9 00000000                 export           timer_callback
   10 00000000                 import           etat
   11 00000000                 import           Calibrage
   12 00000000         
   13 00000000 00000004 
                       E_DEC   equ              4
   14 00000000 00000000 
                       E_POS   equ              0
   15 00000000 00000004 
                       E_TAI   equ              4
   16 00000000 00000008 
                       E_SON   equ              8
   17 00000000 0000000C 
                       E_RES   equ              12
   18 00000000 00000010 
                       E_PER   equ              16
   19 00000000         ;
   20 00000000         
   21 00000000         timer_callback
                               proc
   22 00000000         
   23 00000000 4000043C 
                       TIM3_CCR3
                               equ              0x4000043C  ; adresse registre 
                                                            PWM
   24 00000000         
   25 00000000         
   26 00000000         ; récupération des valeurs de position et taille : 
   27 00000000         ; on récupère tout d'abord l'adresse de position (on réc
                       upère au passage la valeur de position), 
   28 00000000         ; puis on récupère l'adresse de taille (avec un décalage
                        par rapport à l'adresse de position) 
   29 00000000         ; pour récupérer la valeur de taille
   30 00000000         ; récupération de l'adresse de E_TAI
   31 00000000 F04F 0104       LDR              R1, =E_TAI
   32 00000004         ; récupération de la valeur contenue dans E_TAI (=4)
   33 00000004 6809            LDR              R1, [R1]
   34 00000006         ; récupération de l'adresse de etat
   35 00000006 480A            LDR              R0,=etat
   36 00000008         ; récupération de la valeur de position
   37 00000008 6802            LDR              R2, [R0]
   38 0000000A         ; récupération de la valeur contenue à l'adresse contenu
                       e dans R0+R1, qui est l'adresse de la structure + 4 (= v
                       aleur de la taille)
   39 0000000A 5843            LDR              R3, [R0, R1]
   40 0000000C         
   41 0000000C         ;Comparaison de position avec taille
   42 0000000C 4293            CMP              R3,R2
   43 0000000E         
   44 0000000E         ; Si position < taille : aller à SendSon
   45 0000000E D104            BNE              SendSon



ARM Macro Assembler    Page 2 


   46 00000010         ;charger 0 dans TIM3_CCR3
   47 00000010 4C08            LDR              R4,=TIM3_CCR3
   48 00000012 F04F 0500       MOV              R5,#0
   49 00000016 6025            STR              R5,[R4]
   50 00000018 E009            B                FIN
   51 0000001A         
   52 0000001A         ; Récupération du son
   53 0000001A         
   54 0000001A         ; récupération de l'adresse de E_SON
   55 0000001A F04F 0108 
                       SendSon LDR              R1, =E_SON
   56 0000001E         ; récupération de la valeur contenue dans E_SON (=8)
   57 0000001E 6809            LDR              R1, [R1]
   58 00000020         ; récupération du son
   59 00000020 5842            LDR              R2,[R0,R1]
   60 00000022         
   61 00000022         ; Calibrage son
   62 00000022 4610            mov              r0,r2
   63 00000024 F7FF FFFE       bl               Calibrage
   64 00000028 4604            mov              R4, R0
   65 0000002A         
   66 0000002A         ; chargement son dans registre TIM3_CCR3
   67 0000002A 4C02            LDR              R4, = TIM3_CCR3
   68 0000002C 6022            STR              R2,[R4]
   69 0000002E         ; incrémentation position et adresse son
   70 0000002E         
   71 0000002E 4770    FIN     BX               lr
   72 00000030                 endp
   73 00000030         
   74 00000030                 end
              00000000 
              4000043C 
Command Line: --debug --xref --cpu=Cortex-M3 --apcs=interwork --depend=timer_ca
llback.d -otimer_callback.o -IC:\Keil\ARM\RV31\INC -IC:\Keil\ARM\CMSIS\Include 
-IC:\Keil\ARM\Inc\ST\STM32F10x --predefine="__EVAL SETA 1" --predefine="__MICRO
LIB SETA 1" --list=.\timer_callback.lst Sources\timer_callback.s



ARM Macro Assembler    Page 1 Alphabetic symbol ordering
Relocatable symbols

Var 00000000

Symbol: Var
   Definitions
      At line 5 in file Sources\timer_callback.s
   Uses
      None
Comment: Var unused
mesdata 00000000

Symbol: mesdata
   Definitions
      At line 4 in file Sources\timer_callback.s
   Uses
      None
Comment: mesdata unused
2 symbols



ARM Macro Assembler    Page 1 Alphabetic symbol ordering
Relocatable symbols

FIN 0000002E

Symbol: FIN
   Definitions
      At line 71 in file Sources\timer_callback.s
   Uses
      At line 50 in file Sources\timer_callback.s
Comment: FIN used once
SendSon 0000001A

Symbol: SendSon
   Definitions
      At line 55 in file Sources\timer_callback.s
   Uses
      At line 45 in file Sources\timer_callback.s
Comment: SendSon used once
moncode 00000000

Symbol: moncode
   Definitions
      At line 8 in file Sources\timer_callback.s
   Uses
      None
Comment: moncode unused
timer_callback 00000000

Symbol: timer_callback
   Definitions
      At line 21 in file Sources\timer_callback.s
   Uses
      At line 9 in file Sources\timer_callback.s
Comment: timer_callback used once
4 symbols



ARM Macro Assembler    Page 1 Alphabetic symbol ordering
Absolute symbols

E_DEC 00000004

Symbol: E_DEC
   Definitions
      At line 13 in file Sources\timer_callback.s
   Uses
      None
Comment: E_DEC unused
E_PER 00000010

Symbol: E_PER
   Definitions
      At line 18 in file Sources\timer_callback.s
   Uses
      None
Comment: E_PER unused
E_POS 00000000

Symbol: E_POS
   Definitions
      At line 14 in file Sources\timer_callback.s
   Uses
      None
Comment: E_POS unused
E_RES 0000000C

Symbol: E_RES
   Definitions
      At line 17 in file Sources\timer_callback.s
   Uses
      None
Comment: E_RES unused
E_SON 00000008

Symbol: E_SON
   Definitions
      At line 16 in file Sources\timer_callback.s
   Uses
      At line 55 in file Sources\timer_callback.s
Comment: E_SON used once
E_TAI 00000004

Symbol: E_TAI
   Definitions
      At line 15 in file Sources\timer_callback.s
   Uses
      At line 31 in file Sources\timer_callback.s
Comment: E_TAI used once
TIM3_CCR3 4000043C

Symbol: TIM3_CCR3
   Definitions
      At line 23 in file Sources\timer_callback.s
   Uses
      At line 47 in file Sources\timer_callback.s
      At line 67 in file Sources\timer_callback.s

7 symbols



ARM Macro Assembler    Page 1 Alphabetic symbol ordering
External symbols

Calibrage 00000000

Symbol: Calibrage
   Definitions
      At line 11 in file Sources\timer_callback.s
   Uses
      At line 63 in file Sources\timer_callback.s
Comment: Calibrage used once
etat 00000000

Symbol: etat
   Definitions
      At line 10 in file Sources\timer_callback.s
   Uses
      At line 35 in file Sources\timer_callback.s
Comment: etat used once
2 symbols
349 symbols in table
